<?xml version="1.0" encoding="UTF-8"?>
<!-- Generated by org.testng.reporters.JUnitReportReporter -->
<testsuite skipped="0" hostname="DESKTOP-TSPJ1BR" name="amazonavn.amazonhome" tests="1" failures="0" timestamp="2022-12-11T19:40:27 IST" time="16.360" errors="0">
  <testcase name="amazon" time="16.360" classname="amazonavn.amazonhome"/>
  <system-out/>
</testsuite> <!-- amazonavn.amazonhome -->
